<?xml version="1.0" encoding="UTF-8"?>
<!-- Generated by org.testng.reporters.JUnitXMLReporter -->
<testsuite ignored="0" hostname="DESKTOP-7DJOK08" failures="0" tests="3" name="Default test" time="6.428" errors="0" timestamp="2022-06-10T13:04:50 PDT">
  <testcase classname="com.test.testcases.Login" name="enterCredentialsSubmit" time="0.575"/>
  <testcase classname="com.test.testcases.Login" name="verifyGuruHomePageIsOpen" time="0.024"/>
  <testcase classname="com.test.testcases.Login" name="clickNewCustomerAndCreateNewCustomer" time="3.117"/>
</testsuite> <!-- Default test -->
